#
# There is insufficient memory for the Java Runtime Environment to continue.
# Native memory allocation (malloc) failed to allocate 1409936 bytes for Chunk::new
# Possible reasons:
#   The system is out of physical RAM or swap space
#   In 32 bit mode, the process size limit was hit
# Possible solutions:
#   Reduce memory load on the system
#   Increase physical memory or swap space
#   Check if swap backing store is full
#   Use 64 bit Java on a 64 bit OS
#   Decrease Java heap size (-Xmx/-Xms)
#   Decrease number of Java threads
#   Decrease Java thread stack sizes (-Xss)
#   Set larger code cache with -XX:ReservedCodeCacheSize=
# This output file may be truncated or incomplete.
#
#  Out of Memory Error (allocation.cpp:390), pid=15200, tid=0x0000000000003c70
#
# JRE version: Java(TM) SE Runtime Environment (8.0_172-b11) (build 1.8.0_172-b11)
# Java VM: Java HotSpot(TM) 64-Bit Server VM (25.172-b11 mixed mode windows-amd64 compressed oops)
# Failed to write core dump. Minidumps are not enabled by default on client versions of Windows
#

---------------  T H R E A D  ---------------

Current thread (0x00000000158db800):  JavaThread "C2 CompilerThread0" daemon [_thread_in_native, id=15472, stack(0x0000000016f40000,0x0000000017040000)]

Stack: [0x0000000016f40000,0x0000000017040000]
[error occurred during error reporting (printing stack bounds), id 0xc0000005]

Native frames: (J=compiled Java code, j=interpreted, Vv=VM code, C=native code)


Current CompileTask:
C2:  12879 4708       4       com.sun.tools.javac.file.ZipFileIndex$ZipDirectory::readEntry (587 bytes)


---------------  P R O C E S S  ---------------

Java Threads: ( => current thread )
  0x0000000018b90800 JavaThread "Cache worker for file content cache (C:\Users\mrucze88\Desktop\task_new\tasks\.gradle\3.5.1\fileContent)" [_thread_blocked, id=14756, stack(0x000000001f470000,0x000000001f570000)]
  0x0000000018b90000 JavaThread "Cache worker for task history cache (C:\Users\mrucze88\Desktop\task_new\tasks\.gradle\3.5.1\taskHistory)" [_thread_blocked, id=11772, stack(0x000000001f370000,0x000000001f470000)]
  0x0000000018b8f000 JavaThread "Memory manager" [_thread_blocked, id=9832, stack(0x000000001f270000,0x000000001f370000)]
  0x0000000018b8d800 JavaThread "Cache worker for Artifact transforms cache (C:\Users\mrucze88\.gradle\caches\transforms-1)" [_thread_blocked, id=13976, stack(0x000000001c960000,0x000000001ca60000)]
  0x0000000018b8e800 JavaThread "File lock request listener" [_thread_in_native, id=14380, stack(0x000000001a2c0000,0x000000001a3c0000)]
  0x0000000018b8c000 JavaThread "Cache worker for file hash cache (C:\Users\mrucze88\.gradle\caches\3.5.1\fileHashes)" [_thread_blocked, id=1700, stack(0x000000001a1c0000,0x000000001a2c0000)]
  0x00000000187b2800 JavaThread "Stdin handler" [_thread_blocked, id=12148, stack(0x000000001a0c0000,0x000000001a1c0000)]
  0x00000000187af800 JavaThread "Asynchronous log dispatcher for DefaultDaemonConnection: socket connection from /127.0.0.1:56881 to /127.0.0.1:56882" [_thread_blocked, id=5032, stack(0x0000000019fc0000,0x000000001a0c0000)]
  0x000000001873e000 JavaThread "Daemon worker" [_thread_in_native, id=16380, stack(0x0000000019ec0000,0x0000000019fc0000)]
  0x0000000018459000 JavaThread "Cancel handler" [_thread_blocked, id=13452, stack(0x0000000019dc0000,0x0000000019ec0000)]
  0x0000000018443000 JavaThread "Handler for socket connection from /127.0.0.1:56881 to /127.0.0.1:56882" [_thread_in_native, id=5800, stack(0x0000000019ac0000,0x0000000019bc0000)]
  0x0000000018442800 JavaThread "Daemon" [_thread_blocked, id=2092, stack(0x00000000199c0000,0x0000000019ac0000)]
  0x00000000183e4800 JavaThread "Daemon periodic checks" [_thread_blocked, id=4332, stack(0x00000000198c0000,0x00000000199c0000)]
  0x000000001822c800 JavaThread "Incoming local TCP Connector on port 56881" [_thread_in_native, id=12984, stack(0x0000000019670000,0x0000000019770000)]
  0x0000000018374000 JavaThread "Daemon health stats" [_thread_blocked, id=9480, stack(0x0000000019370000,0x0000000019470000)]
  0x0000000017268800 JavaThread "Service Thread" daemon [_thread_blocked, id=12576, stack(0x0000000017640000,0x0000000017740000)]
  0x00000000158ec800 JavaThread "C1 CompilerThread2" daemon [_thread_blocked, id=16072, stack(0x0000000017140000,0x0000000017240000)]
  0x00000000158e8000 JavaThread "C2 CompilerThread1" daemon [_thread_in_native, id=15368, stack(0x0000000017040000,0x0000000017140000)]
=>0x00000000158db800 JavaThread "C2 CompilerThread0" daemon [_thread_in_native, id=15472, stack(0x0000000016f40000,0x0000000017040000)]
  0x00000000158d9800 JavaThread "Attach Listener" daemon [_thread_blocked, id=14280, stack(0x0000000016e40000,0x0000000016f40000)]
  0x00000000158d6800 JavaThread "Signal Dispatcher" daemon [_thread_blocked, id=10088, stack(0x0000000016d40000,0x0000000016e40000)]
  0x00000000031fc000 JavaThread "Finalizer" daemon [_thread_blocked, id=9904, stack(0x0000000016b30000,0x0000000016c30000)]
  0x00000000031f1000 JavaThread "Reference Handler" daemon [_thread_blocked, id=13904, stack(0x0000000016a30000,0x0000000016b30000)]
  0x0000000003102800 JavaThread "main" [_thread_blocked, id=14488, stack(0x0000000002f70000,0x0000000003070000)]

Other Threads:
  0x0000000015898000 VMThread [stack: 0x0000000016930000,0x0000000016a30000] [id=13460]
  0x0000000017299000 WatcherThread [stack: 0x0000000017740000,0x0000000017840000] [id=8928]

VM state:not at safepoint (normal execution)

VM Mutex/Monitor currently owned by a thread: None

Heap:
 PSYoungGen      total 118272K, used 40788K [0x00000000eab00000, 0x00000000f2b80000, 0x0000000100000000)
  eden space 106496K, 33% used [0x00000000eab00000,0x00000000ecd556f0,0x00000000f1300000)
  from space 11776K, 47% used [0x00000000f1300000,0x00000000f187fba8,0x00000000f1e80000)
  to   space 12288K, 0% used [0x00000000f1e80000,0x00000000f1e80000,0x00000000f2a80000)
 ParOldGen       total 87552K, used 18250K [0x00000000c0000000, 0x00000000c5580000, 0x00000000eab00000)
  object space 87552K, 20% used [0x00000000c0000000,0x00000000c11d2b40,0x00000000c5580000)
 Metaspace       used 39266K, capacity 40026K, committed 40280K, reserved 1083392K
  class space    used 5523K, capacity 5755K, committed 5760K, reserved 1048576K

Card table byte_map: [0x00000000125c0000,0x00000000127d0000] byte_map_base: 0x0000000011fc0000

Marking Bits: (ParMarkBitMap*) 0x0000000061c63c10
 Begin Bits: [0x0000000012d30000, 0x0000000013d30000)
 End Bits:   [0x0000000013d30000, 0x0000000014d30000)

Polling page: 0x0000000001660000

CodeCache: size=245760Kb used=15344Kb max_used=15344Kb free=230415Kb
 bounds [0x0000000003200000, 0x0000000004110000, 0x0000000012200000]
 total_blobs=5037 nmethods=4326 adapters=623
 compilation: enabled

Compilation events (10 events):
Event: 12.868 Thread 0x00000000158e8000 4847       4       com.sun.tools.javac.util.UnsharedNameTable::fromUtf (232 bytes)
Event: 12.868 Thread 0x00000000158ec800 4849       3       com.sun.tools.javac.code.Symbol$PackageSymbol::exists (19 bytes)
Event: 12.869 Thread 0x00000000158ec800 nmethod 4849 0x00000000040fef50 code [0x00000000040ff0a0, 0x00000000040ff270]
Event: 12.869 Thread 0x00000000158ec800 4850       3       com.sun.tools.javac.tree.JCTree$JCFieldAccess::getTag (4 bytes)
Event: 12.869 Thread 0x00000000158ec800 nmethod 4850 0x0000000004107d10 code [0x0000000004107e60, 0x0000000004107fb0]
Event: 12.869 Thread 0x00000000158ec800 4851       3       com.sun.tools.javac.jvm.ClassReader::skipMember (55 bytes)
Event: 12.870 Thread 0x00000000158ec800 nmethod 4851 0x0000000004107790 code [0x0000000004107920, 0x0000000004107bf8]
Event: 12.870 Thread 0x00000000158ec800 4852       3       com.sun.tools.javac.jvm.ClassReader::readAttrs (95 bytes)
Event: 12.871 Thread 0x00000000158ec800 nmethod 4852 0x0000000004106150 code [0x00000000041063a0, 0x0000000004107008]
Event: 12.871 Thread 0x00000000158ec800 4857       3       com.sun.tools.javac.code.Symbol$ClassSymbol::erasure (38 bytes)

GC Heap History (10 events):
Event: 6.255 GC heap before
{Heap before GC invocations=9 (full 1):
 PSYoungGen      total 65024K, used 60848K [0x00000000eab00000, 0x00000000f0b80000, 0x0000000100000000)
  eden space 55296K, 100% used [0x00000000eab00000,0x00000000ee100000,0x00000000ee100000)
  from space 9728K, 57% used [0x00000000ee100000,0x00000000ee66c098,0x00000000eea80000)
  to   space 9728K, 0% used [0x00000000f0200000,0x00000000f0200000,0x00000000f0b80000)
 ParOldGen       total 53760K, used 7237K [0x00000000c0000000, 0x00000000c3480000, 0x00000000eab00000)
  object space 53760K, 13% used [0x00000000c0000000,0x00000000c07116e8,0x00000000c3480000)
 Metaspace       used 29833K, capacity 30336K, committed 30592K, reserved 1075200K
  class space    used 4287K, capacity 4430K, committed 4480K, reserved 1048576K
Event: 6.273 GC heap after
Heap after GC invocations=9 (full 1):
 PSYoungGen      total 89088K, used 6839K [0x00000000eab00000, 0x00000000f1480000, 0x0000000100000000)
  eden space 79360K, 0% used [0x00000000eab00000,0x00000000eab00000,0x00000000ef880000)
  from space 9728K, 70% used [0x00000000f0200000,0x00000000f08adc40,0x00000000f0b80000)
  to   space 9728K, 0% used [0x00000000ef880000,0x00000000ef880000,0x00000000f0200000)
 ParOldGen       total 53760K, used 7245K [0x00000000c0000000, 0x00000000c3480000, 0x00000000eab00000)
  object space 53760K, 13% used [0x00000000c0000000,0x00000000c07136e8,0x00000000c3480000)
 Metaspace       used 29833K, capacity 30336K, committed 30592K, reserved 1075200K
  class space    used 4287K, capacity 4430K, committed 4480K, reserved 1048576K
}
Event: 8.671 GC heap before
{Heap before GC invocations=10 (full 1):
 PSYoungGen      total 89088K, used 86199K [0x00000000eab00000, 0x00000000f1480000, 0x0000000100000000)
  eden space 79360K, 100% used [0x00000000eab00000,0x00000000ef880000,0x00000000ef880000)
  from space 9728K, 70% used [0x00000000f0200000,0x00000000f08adc40,0x00000000f0b80000)
  to   space 9728K, 0% used [0x00000000ef880000,0x00000000ef880000,0x00000000f0200000)
 ParOldGen       total 53760K, used 7245K [0x00000000c0000000, 0x00000000c3480000, 0x00000000eab00000)
  object space 53760K, 13% used [0x00000000c0000000,0x00000000c07136e8,0x00000000c3480000)
 Metaspace       used 34453K, capacity 35064K, committed 35416K, reserved 1079296K
  class space    used 4935K, capacity 5134K, committed 5248K, reserved 1048576K
Event: 8.689 GC heap after
Heap after GC invocations=10 (full 1):
 PSYoungGen      total 89088K, used 9712K [0x00000000eab00000, 0x00000000f2a80000, 0x0000000100000000)
  eden space 79360K, 0% used [0x00000000eab00000,0x00000000eab00000,0x00000000ef880000)
  from space 9728K, 99% used [0x00000000ef880000,0x00000000f01fc010,0x00000000f0200000)
  to   space 12288K, 0% used [0x00000000f1e80000,0x00000000f1e80000,0x00000000f2a80000)
 ParOldGen       total 53760K, used 11184K [0x00000000c0000000, 0x00000000c3480000, 0x00000000eab00000)
  object space 53760K, 20% used [0x00000000c0000000,0x00000000c0aec208,0x00000000c3480000)
 Metaspace       used 34453K, capacity 35064K, committed 35416K, reserved 1079296K
  class space    used 4935K, capacity 5134K, committed 5248K, reserved 1048576K
}
Event: 9.705 GC heap before
{Heap before GC invocations=11 (full 1):
 PSYoungGen      total 89088K, used 59583K [0x00000000eab00000, 0x00000000f2a80000, 0x0000000100000000)
  eden space 79360K, 62% used [0x00000000eab00000,0x00000000edbb3d88,0x00000000ef880000)
  from space 9728K, 99% used [0x00000000ef880000,0x00000000f01fc010,0x00000000f0200000)
  to   space 12288K, 0% used [0x00000000f1e80000,0x00000000f1e80000,0x00000000f2a80000)
 ParOldGen       total 53760K, used 11184K [0x00000000c0000000, 0x00000000c3480000, 0x00000000eab00000)
  object space 53760K, 20% used [0x00000000c0000000,0x00000000c0aec208,0x00000000c3480000)
 Metaspace       used 34551K, capacity 35198K, committed 35416K, reserved 1079296K
  class space    used 4938K, capacity 5135K, committed 5248K, reserved 1048576K
Event: 9.730 GC heap after
Heap after GC invocations=11 (full 1):
 PSYoungGen      total 118784K, used 6384K [0x00000000eab00000, 0x00000000f2b80000, 0x0000000100000000)
  eden space 106496K, 0% used [0x00000000eab00000,0x00000000eab00000,0x00000000f1300000)
  from space 12288K, 51% used [0x00000000f1e80000,0x00000000f24bc010,0x00000000f2a80000)
  to   space 11776K, 0% used [0x00000000f1300000,0x00000000f1300000,0x00000000f1e80000)
 ParOldGen       total 53760K, used 15596K [0x00000000c0000000, 0x00000000c3480000, 0x00000000eab00000)
  object space 53760K, 29% used [0x00000000c0000000,0x00000000c0f3b3d8,0x00000000c3480000)
 Metaspace       used 34551K, capacity 35198K, committed 35416K, reserved 1079296K
  class space    used 4938K, capacity 5135K, committed 5248K, reserved 1048576K
}
Event: 9.730 GC heap before
{Heap before GC invocations=12 (full 2):
 PSYoungGen      total 118784K, used 6384K [0x00000000eab00000, 0x00000000f2b80000, 0x0000000100000000)
  eden space 106496K, 0% used [0x00000000eab00000,0x00000000eab00000,0x00000000f1300000)
  from space 12288K, 51% used [0x00000000f1e80000,0x00000000f24bc010,0x00000000f2a80000)
  to   space 11776K, 0% used [0x00000000f1300000,0x00000000f1300000,0x00000000f1e80000)
 ParOldGen       total 53760K, used 15596K [0x00000000c0000000, 0x00000000c3480000, 0x00000000eab00000)
  object space 53760K, 29% used [0x00000000c0000000,0x00000000c0f3b3d8,0x00000000c3480000)
 Metaspace       used 34551K, capacity 35198K, committed 35416K, reserved 1079296K
  class space    used 4938K, capacity 5135K, committed 5248K, reserved 1048576K
Event: 9.866 GC heap after
Heap after GC invocations=12 (full 2):
 PSYoungGen      total 118784K, used 0K [0x00000000eab00000, 0x00000000f2b80000, 0x0000000100000000)
  eden space 106496K, 0% used [0x00000000eab00000,0x00000000eab00000,0x00000000f1300000)
  from space 12288K, 0% used [0x00000000f1e80000,0x00000000f1e80000,0x00000000f2a80000)
  to   space 11776K, 0% used [0x00000000f1300000,0x00000000f1300000,0x00000000f1e80000)
 ParOldGen       total 87552K, used 18242K [0x00000000c0000000, 0x00000000c5580000, 0x00000000eab00000)
  object space 87552K, 20% used [0x00000000c0000000,0x00000000c11d0b40,0x00000000c5580000)
 Metaspace       used 34551K, capacity 35198K, committed 35416K, reserved 1079296K
  class space    used 4938K, capacity 5135K, committed 5248K, reserved 1048576K
}
Event: 12.244 GC heap before
{Heap before GC invocations=13 (full 2):
 PSYoungGen      total 118784K, used 106496K [0x00000000eab00000, 0x00000000f2b80000, 0x0000000100000000)
  eden space 106496K, 100% used [0x00000000eab00000,0x00000000f1300000,0x00000000f1300000)
  from space 12288K, 0% used [0x00000000f1e80000,0x00000000f1e80000,0x00000000f2a80000)
  to   space 11776K, 0% used [0x00000000f1300000,0x00000000f1300000,0x00000000f1e80000)
 ParOldGen       total 87552K, used 18242K [0x00000000c0000000, 0x00000000c5580000, 0x00000000eab00000)
  object space 87552K, 20% used [0x00000000c0000000,0x00000000c11d0b40,0x00000000c5580000)
 Metaspace       used 38601K, capacity 39322K, committed 39512K, reserved 1083392K
  class space    used 5472K, capacity 5691K, committed 5760K, reserved 1048576K
Event: 12.255 GC heap after
Heap after GC invocations=13 (full 2):
 PSYoungGen      total 118272K, used 5630K [0x00000000eab00000, 0x00000000f2b80000, 0x0000000100000000)
  eden space 106496K, 0% used [0x00000000eab00000,0x00000000eab00000,0x00000000f1300000)
  from space 11776K, 47% used [0x00000000f1300000,0x00000000f187fba8,0x00000000f1e80000)
  to   space 12288K, 0% used [0x00000000f1e80000,0x00000000f1e80000,0x00000000f2a80000)
 ParOldGen       total 87552K, used 18250K [0x00000000c0000000, 0x00000000c5580000, 0x00000000eab00000)
  object space 87552K, 20% used [0x00000000c0000000,0x00000000c11d2b40,0x00000000c5580000)
 Metaspace       used 38601K, capacity 39322K, committed 39512K, reserved 1083392K
  class space    used 5472K, capacity 5691K, committed 5760K, reserved 1048576K
}

Deoptimization events (10 events):
Event: 12.311 Thread 0x000000001873e000 Uncommon trap: reason=bimorphic action=maybe_recompile pc=0x0000000003f47e20 method=java.util.regex.Pattern$Curly.study(Ljava/util/regex/Pattern$TreeInfo;)Z @ 31
Event: 12.311 Thread 0x000000001873e000 Uncommon trap: reason=bimorphic action=maybe_recompile pc=0x0000000003f47e20 method=java.util.regex.Pattern$Curly.study(Ljava/util/regex/Pattern$TreeInfo;)Z @ 31
Event: 12.438 Thread 0x000000001873e000 Uncommon trap: reason=unstable_if action=reinterpret pc=0x00000000040a9c80 method=java.util.jar.Attributes$Name.isDigit(C)Z @ 3
Event: 12.730 Thread 0x000000001873e000 Uncommon trap: reason=predicate action=maybe_recompile pc=0x000000000370cecc method=java.util.ComparableTimSort.binarySort([Ljava/lang/Object;III)V @ 37
Event: 12.734 Thread 0x000000001873e000 Uncommon trap: reason=array_check action=maybe_recompile pc=0x000000000346195c method=java.util.ComparableTimSort.binarySort([Ljava/lang/Object;III)V @ 215
Event: 12.734 Thread 0x000000001873e000 Uncommon trap: reason=array_check action=maybe_recompile pc=0x000000000346195c method=java.util.ComparableTimSort.binarySort([Ljava/lang/Object;III)V @ 215
Event: 12.737 Thread 0x000000001873e000 Uncommon trap: reason=array_check action=maybe_recompile pc=0x000000000346195c method=java.util.ComparableTimSort.binarySort([Ljava/lang/Object;III)V @ 215
Event: 12.737 Thread 0x000000001873e000 Uncommon trap: reason=array_check action=maybe_recompile pc=0x000000000346195c method=java.util.ComparableTimSort.binarySort([Ljava/lang/Object;III)V @ 215
Event: 12.751 Thread 0x000000001873e000 Uncommon trap: reason=array_check action=maybe_recompile pc=0x0000000003dedcb8 method=java.util.ComparableTimSort.binarySort([Ljava/lang/Object;III)V @ 215
Event: 12.828 Thread 0x000000001873e000 Uncommon trap: reason=unstable_if action=reinterpret pc=0x00000000040d1f40 method=com.sun.tools.javac.util.Name$Table.equals([BI[BII)Z @ 22

Classes redefined (0 events):
No events

Internal exceptions (10 events):
Event: 6.981 Thread 0x000000001873e000 Exception <a 'java/lang/ClassNotFoundException': org/gradle/platform/base/BinaryContainer_ImplCustomizer> (0x00000000ed2b56a8) thrown at [C:\re\workspace\8-2-build-windows-amd64-cygwin\jdk8u172\10810\hotspot\src\share\vm\classfile\systemDictionary.cpp, li
Event: 7.199 Thread 0x000000001873e000 Exception <a 'java/lang/ClassNotFoundException': org/gradle/api/internal/artifacts/configurations/DefaultConfiguration_DecoratedBeanInfo> (0x00000000ed9469f8) thrown at [C:\re\workspace\8-2-build-windows-amd64-cygwin\jdk8u172\10810\hotspot\src\share\vm\cl
Event: 7.200 Thread 0x000000001873e000 Exception <a 'java/lang/ClassNotFoundException': org/gradle/api/internal/artifacts/configurations/DefaultConfigurationBeanInfo> (0x00000000ed9705b8) thrown at [C:\re\workspace\8-2-build-windows-amd64-cygwin\jdk8u172\10810\hotspot\src\share\vm\classfile\sy
Event: 7.201 Thread 0x000000001873e000 Exception <a 'java/lang/ClassNotFoundException': org/gradle/api/internal/artifacts/configurations/DefaultConfigurationCustomizer> (0x00000000ed99a9e8) thrown at [C:\re\workspace\8-2-build-windows-amd64-cygwin\jdk8u172\10810\hotspot\src\share\vm\classfile\
Event: 7.206 Thread 0x000000001873e000 Exception <a 'java/lang/ClassNotFoundException': org/gradle/api/internal/artifacts/configurations/DefaultConfiguration_DecoratedCustomizer> (0x00000000eda2ad10) thrown at [C:\re\workspace\8-2-build-windows-amd64-cygwin\jdk8u172\10810\hotspot\src\share\vm\
Event: 7.660 Thread 0x000000001873e000 Implicit null exception at 0x0000000003e44d8f to 0x0000000003e462b1
Event: 10.181 Thread 0x000000001873e000 Implicit null exception at 0x0000000003730610 to 0x0000000003734315
Event: 10.538 Thread 0x000000001873e000 Implicit null exception at 0x0000000003ed986c to 0x0000000003ed98b5
Event: 12.572 Thread 0x000000001873e000 Exception <a 'java/io/FileNotFoundException'> (0x00000000eb99ba50) thrown at [C:\re\workspace\8-2-build-windows-amd64-cygwin\jdk8u172\10810\hotspot\src\share\vm\prims\jni.cpp, line 709]
Event: 12.576 Thread 0x000000001873e000 Exception <a 'java/io/FileNotFoundException'> (0x00000000eb9cf798) thrown at [C:\re\workspace\8-2-build-windows-amd64-cygwin\jdk8u172\10810\hotspot\src\share\vm\prims\jni.cpp, line 709]

Events (10 events):
Event: 12.858 loading class com/sun/tools/javac/comp/MemberEnter$4
Event: 12.858 loading class com/sun/tools/javac/comp/MemberEnter$4 done
Event: 12.860 loading class com/sun/tools/javac/code/SymbolMetadata
Event: 12.860 loading class com/sun/tools/javac/code/SymbolMetadata done
Event: 12.861 loading class com/sun/tools/javac/comp/MemberEnter$5
Event: 12.861 loading class com/sun/tools/javac/comp/MemberEnter$5 done
Event: 12.861 loading class com/sun/tools/javac/comp/MemberEnter$6
Event: 12.861 loading class com/sun/tools/javac/comp/MemberEnter$6 done
Event: 12.861 loading class com/sun/tools/javac/comp/Check$CycleChecker
Event: 12.861 loading class com/sun/tools/javac/comp/Check$CycleChecker done


Dynamic libraries:
0x00007ff62e5c0000 - 0x00007ff62e5f7000 	C:\Program Files\Java\jdk1.8.0_172\bin\java.exe
0x00007ff896b70000 - 0x00007ff896d51000 	C:\WINDOWS\SYSTEM32\ntdll.dll
0x00007ff894000000 - 0x00007ff8940b2000 	C:\WINDOWS\System32\KERNEL32.DLL
0x00007ff893d80000 - 0x00007ff893ff3000 	C:\WINDOWS\System32\KERNELBASE.dll
0x00007ff8943b0000 - 0x00007ff894451000 	C:\WINDOWS\System32\ADVAPI32.dll
0x00007ff894310000 - 0x00007ff8943ae000 	C:\WINDOWS\System32\msvcrt.dll
0x00007ff894530000 - 0x00007ff89458b000 	C:\WINDOWS\System32\sechost.dll
0x00007ff8940d0000 - 0x00007ff8941f4000 	C:\WINDOWS\System32\RPCRT4.dll
0x00007ff894d50000 - 0x00007ff894ee0000 	C:\WINDOWS\System32\USER32.dll
0x00007ff893110000 - 0x00007ff893130000 	C:\WINDOWS\System32\win32u.dll
0x00007ff894f70000 - 0x00007ff894f98000 	C:\WINDOWS\System32\GDI32.dll
0x00007ff893be0000 - 0x00007ff893d72000 	C:\WINDOWS\System32\gdi32full.dll
0x00007ff893020000 - 0x00007ff8930bf000 	C:\WINDOWS\System32\msvcp_win.dll
0x00007ff893130000 - 0x00007ff89322a000 	C:\WINDOWS\System32\ucrtbase.dll
0x00007ff87d6c0000 - 0x00007ff87d929000 	C:\WINDOWS\WinSxS\amd64_microsoft.windows.common-controls_6595b64144ccf1df_6.0.17134.165_none_fb429645306569ac\COMCTL32.dll
0x00007ff894910000 - 0x00007ff894c33000 	C:\WINDOWS\System32\combase.dll
0x00007ff892fa0000 - 0x00007ff89301a000 	C:\WINDOWS\System32\bcryptPrimitives.dll
0x00007ff894f40000 - 0x00007ff894f6d000 	C:\WINDOWS\System32\IMM32.DLL
0x0000000061cf0000 - 0x0000000061dc2000 	C:\Program Files\Java\jdk1.8.0_172\jre\bin\msvcr100.dll
0x0000000061440000 - 0x0000000061ce3000 	C:\Program Files\Java\jdk1.8.0_172\jre\bin\server\jvm.dll
0x00007ff894fa0000 - 0x00007ff894fa8000 	C:\WINDOWS\System32\PSAPI.DLL
0x00007ff879110000 - 0x00007ff879119000 	C:\WINDOWS\SYSTEM32\WSOCK32.dll
0x00007ff888c30000 - 0x00007ff888c53000 	C:\WINDOWS\SYSTEM32\WINMM.dll
0x00007ff8942a0000 - 0x00007ff89430c000 	C:\WINDOWS\System32\WS2_32.dll
0x00007ff882eb0000 - 0x00007ff882eba000 	C:\WINDOWS\SYSTEM32\VERSION.dll
0x00007ff888c00000 - 0x00007ff888c2a000 	C:\WINDOWS\SYSTEM32\WINMMBASE.dll
0x00007ff8930c0000 - 0x00007ff893109000 	C:\WINDOWS\System32\cfgmgr32.dll
0x0000000061430000 - 0x000000006143f000 	C:\Program Files\Java\jdk1.8.0_172\jre\bin\verify.dll
0x0000000061400000 - 0x0000000061429000 	C:\Program Files\Java\jdk1.8.0_172\jre\bin\java.dll
0x00000000613e0000 - 0x00000000613f6000 	C:\Program Files\Java\jdk1.8.0_172\jre\bin\zip.dll
0x00007ff8955a0000 - 0x00007ff8969e0000 	C:\WINDOWS\System32\SHELL32.dll
0x00007ff895460000 - 0x00007ff895509000 	C:\WINDOWS\System32\shcore.dll
0x00007ff893230000 - 0x00007ff89393d000 	C:\WINDOWS\System32\windows.storage.dll
0x00007ff894ee0000 - 0x00007ff894f31000 	C:\WINDOWS\System32\shlwapi.dll
0x00007ff892f20000 - 0x00007ff892f31000 	C:\WINDOWS\System32\kernel.appcore.dll
0x00007ff892f00000 - 0x00007ff892f1f000 	C:\WINDOWS\System32\profapi.dll
0x00007ff892e90000 - 0x00007ff892edc000 	C:\WINDOWS\System32\powrprof.dll
0x00007ff892e80000 - 0x00007ff892e8a000 	C:\WINDOWS\System32\FLTLIB.DLL
0x00000000613c0000 - 0x00000000613da000 	C:\Program Files\Java\jdk1.8.0_172\jre\bin\net.dll
0x00007ff892700000 - 0x00007ff892766000 	C:\WINDOWS\system32\mswsock.dll
0x00000000613a0000 - 0x00000000613b1000 	C:\Program Files\Java\jdk1.8.0_172\jre\bin\nio.dll
0x00007ff87e0c0000 - 0x00007ff87e0de000 	C:\Users\mrucze88\.gradle\native\25\windows-amd64\native-platform.dll
0x00007ff8928b0000 - 0x00007ff8928c7000 	C:\WINDOWS\SYSTEM32\CRYPTSP.dll
0x00007ff8922e0000 - 0x00007ff892313000 	C:\WINDOWS\system32\rsaenh.dll
0x00007ff8929e0000 - 0x00007ff892a05000 	C:\WINDOWS\SYSTEM32\bcrypt.dll
0x00007ff892db0000 - 0x00007ff892dd8000 	C:\WINDOWS\SYSTEM32\USERENV.dll
0x00007ff8928d0000 - 0x00007ff8928db000 	C:\WINDOWS\SYSTEM32\CRYPTBASE.dll
0x00007ff892480000 - 0x00007ff8924b8000 	C:\WINDOWS\SYSTEM32\IPHLPAPI.DLL
0x00007ff895590000 - 0x00007ff895598000 	C:\WINDOWS\System32\NSI.dll
0x00007ff88bf10000 - 0x00007ff88bf26000 	C:\WINDOWS\SYSTEM32\dhcpcsvc6.DLL
0x00007ff88c3f0000 - 0x00007ff88c40a000 	C:\WINDOWS\SYSTEM32\dhcpcsvc.DLL
0x0000000062120000 - 0x000000006212d000 	C:\Program Files\Java\jdk1.8.0_172\jre\bin\management.dll

VM Arguments:
jvm_args: -XX:MaxPermSize=256m -XX:+HeapDumpOnOutOfMemoryError -Xmx1024m -Dfile.encoding=windows-1250 -Duser.country=PL -Duser.language=pl -Duser.variant 
java_command: org.gradle.launcher.daemon.bootstrap.GradleDaemon 3.5.1
java_class_path (initial): C:\Users\mrucze88\.gradle\wrapper\dists\gradle-3.5.1-all\42vjebfdws9pjts3l4bouoq0p\gradle-3.5.1\lib\gradle-launcher-3.5.1.jar
Launcher Type: SUN_STANDARD

Environment Variables:
JAVA_HOME=C:\Program Files\Java\jdk1.8.0_172
CLASSPATH=C:\Users\mrucze88\Desktop\task_new\tasks\\gradle\wrapper\gradle-wrapper.jar
PATH=C:\Program Files\Java\jdk1.8.0_172\bin;C:\Program Files (x86)\Common Files\Oracle\Java\javapath;C:\WINDOWS\system32;C:\WINDOWS;C:\WINDOWS\System32\Wbem;C:\WINDOWS\System32\WindowsPowerShell\v1.0\;C:\Program Files\Git\cmd;C:\Program Files\Git\mingw64\bin;C:\Program Files\Git\usr\bin;C:\gradle-4.7\bin;;C:\WINDOWS\System32\OpenSSH\;C:\Users\mrucze88\AppData\Local\Microsoft\WindowsApps;
USERNAME=mrucze88
OS=Windows_NT
PROCESSOR_IDENTIFIER=Intel64 Family 6 Model 60 Stepping 3, GenuineIntel



---------------  S Y S T E M  ---------------

OS: Windows 10.0 , 64 bit Build 17134 (10.0.17134.1)

CPU:total 4 (initial active 4) (2 cores per cpu, 2 threads per core) family 6 model 60 stepping 3, cmov, cx8, fxsr, mmx, sse, sse2, sse3, ssse3, sse4.1, sse4.2, popcnt, avx, avx2, aes, clmul, erms, lzcnt, ht, tsc, tscinvbit, bmi1, bmi2

Memory: 4k page, physical 7808108k(477412k free), swap 13500392k(5380k free)

vm_info: Java HotSpot(TM) 64-Bit Server VM (25.172-b11) for windows-amd64 JRE (1.8.0_172-b11), built on Mar 28 2018 21:21:52 by "java_re" with MS VC++ 10.0 (VS2010)

time: Sun Jul 15 21:31:28 2018
elapsed time: 12 seconds (0d 0h 0m 12s)

